{"D:\\Users\\tiago\\Desktop\\UTFPR\\Tópicos em Computação\\AtvAvaliativa1_Topicos\\src\\filtroFaturas.js": {"path":"D:\\Users\\tiago\\Desktop\\UTFPR\\Tópicos em Computação\\AtvAvaliativa1_Topicos\\src\\filtroFaturas.js","statementMap":{"0":{"start":{"line":4,"column":8},"end":{"line":8,"column":10}},"1":{"start":{"line":12,"column":8},"end":{"line":21,"column":10}},"2":{"start":{"line":25,"column":8},"end":{"line":25,"column":36}},"3":{"start":{"line":30,"column":29},"end":{"line":30,"column":39}},"4":{"start":{"line":31,"column":28},"end":{"line":31,"column":55}},"5":{"start":{"line":33,"column":30},"end":{"line":33,"column":78}},"6":{"start":{"line":34,"column":25},"end":{"line":34,"column":69}},"7":{"start":{"line":36,"column":12},"end":{"line":36,"column":24}},"8":{"start":{"line":39,"column":21},"end":{"line":39,"column":64}},"9":{"start":{"line":40,"column":8},"end":{"line":42,"column":9}},"10":{"start":{"line":41,"column":12},"end":{"line":41,"column":25}},"11":{"start":{"line":43,"column":8},"end":{"line":43,"column":20}},"12":{"start":{"line":48,"column":29},"end":{"line":48,"column":39}},"13":{"start":{"line":49,"column":28},"end":{"line":49,"column":57}},"14":{"start":{"line":51,"column":30},"end":{"line":51,"column":78}},"15":{"start":{"line":52,"column":25},"end":{"line":52,"column":69}},"16":{"start":{"line":54,"column":12},"end":{"line":54,"column":24}},"17":{"start":{"line":57,"column":21},"end":{"line":57,"column":65}},"18":{"start":{"line":58,"column":8},"end":{"line":60,"column":9}},"19":{"start":{"line":59,"column":12},"end":{"line":59,"column":25}},"20":{"start":{"line":61,"column":8},"end":{"line":61,"column":20}},"21":{"start":{"line":65,"column":21},"end":{"line":65,"column":28}},"22":{"start":{"line":67,"column":8},"end":{"line":67,"column":50}},"23":{"start":{"line":68,"column":8},"end":{"line":68,"column":71}},"24":{"start":{"line":69,"column":8},"end":{"line":69,"column":77}},"25":{"start":{"line":71,"column":8},"end":{"line":71,"column":22}},"26":{"start":{"line":75,"column":23},"end":{"line":75,"column":28}},"27":{"start":{"line":77,"column":8},"end":{"line":77,"column":28}},"28":{"start":{"line":79,"column":8},"end":{"line":79,"column":22}},"29":{"start":{"line":83,"column":0},"end":{"line":83,"column":31}}},"fnMap":{"0":{"name":"(anonymous_0)","decl":{"start":{"line":3,"column":4},"end":{"line":3,"column":5}},"loc":{"start":{"line":3,"column":39},"end":{"line":9,"column":5}},"line":3},"1":{"name":"(anonymous_1)","decl":{"start":{"line":11,"column":4},"end":{"line":11,"column":5}},"loc":{"start":{"line":11,"column":54},"end":{"line":22,"column":5}},"line":11},"2":{"name":"(anonymous_2)","decl":{"start":{"line":24,"column":4},"end":{"line":24,"column":5}},"loc":{"start":{"line":24,"column":24},"end":{"line":26,"column":5}},"line":24},"3":{"name":"(anonymous_3)","decl":{"start":{"line":28,"column":4},"end":{"line":28,"column":5}},"loc":{"start":{"line":28,"column":45},"end":{"line":44,"column":5}},"line":28},"4":{"name":"calcDiasentreDataAtualandDataFatura","decl":{"start":{"line":29,"column":17},"end":{"line":29,"column":52}},"loc":{"start":{"line":29,"column":60},"end":{"line":37,"column":9}},"line":29},"5":{"name":"(anonymous_5)","decl":{"start":{"line":46,"column":4},"end":{"line":46,"column":5}},"loc":{"start":{"line":46,"column":51},"end":{"line":62,"column":5}},"line":46},"6":{"name":"calcDiasentreDataAtualandDataCliente","decl":{"start":{"line":47,"column":17},"end":{"line":47,"column":53}},"loc":{"start":{"line":47,"column":61},"end":{"line":55,"column":9}},"line":47},"7":{"name":"(anonymous_7)","decl":{"start":{"line":64,"column":4},"end":{"line":64,"column":5}},"loc":{"start":{"line":64,"column":26},"end":{"line":72,"column":5}},"line":64},"8":{"name":"(anonymous_8)","decl":{"start":{"line":74,"column":4},"end":{"line":74,"column":5}},"loc":{"start":{"line":74,"column":38},"end":{"line":80,"column":5}},"line":74}},"branchMap":{"0":{"loc":{"start":{"line":40,"column":8},"end":{"line":42,"column":9}},"type":"if","locations":[{"start":{"line":40,"column":8},"end":{"line":42,"column":9}},{"start":{},"end":{}}],"line":40},"1":{"loc":{"start":{"line":40,"column":11},"end":{"line":40,"column":69}},"type":"binary-expr","locations":[{"start":{"line":40,"column":11},"end":{"line":40,"column":21}},{"start":{"line":40,"column":25},"end":{"line":40,"column":45}},{"start":{"line":40,"column":49},"end":{"line":40,"column":69}}],"line":40},"2":{"loc":{"start":{"line":58,"column":8},"end":{"line":60,"column":9}},"type":"if","locations":[{"start":{"line":58,"column":8},"end":{"line":60,"column":9}},{"start":{},"end":{}}],"line":58},"3":{"loc":{"start":{"line":58,"column":11},"end":{"line":58,"column":69}},"type":"binary-expr","locations":[{"start":{"line":58,"column":11},"end":{"line":58,"column":21}},{"start":{"line":58,"column":25},"end":{"line":58,"column":45}},{"start":{"line":58,"column":49},"end":{"line":58,"column":69}}],"line":58}},"s":{"0":6,"1":6,"2":6,"3":5,"4":5,"5":5,"6":5,"7":5,"8":5,"9":5,"10":2,"11":3,"12":3,"13":3,"14":3,"15":3,"16":3,"17":3,"18":3,"19":1,"20":2,"21":3,"22":3,"23":3,"24":3,"25":3,"26":6,"27":6,"28":6,"29":1},"f":{"0":6,"1":6,"2":6,"3":5,"4":5,"5":3,"6":3,"7":3,"8":6},"b":{"0":[2,3],"1":[5,4,4],"2":[1,2],"3":[3,3,2]},"_coverageSchema":"1a1c01bbd47fc00a2c39e90264f33305004495a9","hash":"56faf05d0d563d5d251595b65346d74464ff50f5"}
}
