TN:
SF:src\filtroFaturas.js
FN:3,(anonymous_0)
FN:11,(anonymous_1)
FN:24,(anonymous_2)
FN:28,(anonymous_3)
FN:29,calcDiasentreDataAtualandDataFatura
FN:46,(anonymous_5)
FN:55,(anonymous_6)
FNF:7
FNH:7
FNDA:3,(anonymous_0)
FNDA:3,(anonymous_1)
FNDA:3,(anonymous_2)
FNDA:2,(anonymous_3)
FNDA:2,calcDiasentreDataAtualandDataFatura
FNDA:2,(anonymous_5)
FNDA:3,(anonymous_6)
DA:4,3
DA:12,3
DA:25,3
DA:30,2
DA:31,2
DA:33,2
DA:34,2
DA:36,2
DA:39,2
DA:40,2
DA:41,1
DA:43,1
DA:47,2
DA:49,2
DA:50,2
DA:52,2
DA:56,3
DA:58,3
DA:60,3
DA:64,1
LF:20
LH:20
BRDA:40,0,0,1
BRDA:40,0,1,1
BRDA:40,1,0,2
BRDA:40,1,1,1
BRDA:40,1,2,1
BRF:5
BRH:5
end_of_record
