TN:
SF:src\filtroFaturas.js
FN:3,(anonymous_0)
FN:11,(anonymous_1)
FN:24,(anonymous_2)
FN:28,(anonymous_3)
FN:29,calcDiasentreDataAtualandDataFatura
FN:46,(anonymous_5)
FN:47,calcDiasentreDataAtualandDataCliente
FN:64,(anonymous_7)
FN:74,(anonymous_8)
FNF:9
FNH:9
FNDA:6,(anonymous_0)
FNDA:6,(anonymous_1)
FNDA:6,(anonymous_2)
FNDA:5,(anonymous_3)
FNDA:5,calcDiasentreDataAtualandDataFatura
FNDA:3,(anonymous_5)
FNDA:3,calcDiasentreDataAtualandDataCliente
FNDA:3,(anonymous_7)
FNDA:6,(anonymous_8)
DA:4,6
DA:12,6
DA:25,6
DA:30,5
DA:31,5
DA:33,5
DA:34,5
DA:36,5
DA:39,5
DA:40,5
DA:41,2
DA:43,3
DA:48,3
DA:49,3
DA:51,3
DA:52,3
DA:54,3
DA:57,3
DA:58,3
DA:59,1
DA:61,2
DA:65,3
DA:67,3
DA:68,3
DA:69,3
DA:71,3
DA:75,6
DA:77,6
DA:79,6
DA:83,1
LF:30
LH:30
BRDA:40,0,0,2
BRDA:40,0,1,3
BRDA:40,1,0,5
BRDA:40,1,1,4
BRDA:40,1,2,4
BRDA:58,2,0,1
BRDA:58,2,1,2
BRDA:58,3,0,3
BRDA:58,3,1,3
BRDA:58,3,2,2
BRF:10
BRH:10
end_of_record
